TpTrace Verbose: 0 : 17892, 1, 2024/11/25, 17:04:30.738, 8912151051705, vstest.console.dll, Version: 17.12.0-release-24508-01 Current process architecture: X64
TpTrace Verbose: 0 : 17892, 1, 2024/11/25, 17:04:30.742, 8912151089374, vstest.console.dll, Runtime location: C:\Program Files\dotnet\shared\Microsoft.NETCore.App\9.0.0
TpTrace Information: 0 : 17892, 1, 2024/11/25, 17:04:30.745, 8912151115425, vstest.console.dll, Using .Net Framework version:.NETCoreApp,Version=v9.0
TpTrace Verbose: 0 : 17892, 1, 2024/11/25, 17:04:30.745, 8912151117040, vstest.console.dll, ArtifactProcessingPostProcessModeProcessorExecutor.Initialize: ArtifactProcessingMode.Collect
TpTrace Verbose: 0 : 17892, 1, 2024/11/25, 17:04:30.745, 8912151117972, vstest.console.dll, TestSessionCorrelationIdProcessorModeProcessorExecutor.Initialize: TestSessionCorrelationId '19392_d30af9f9-4fcf-415e-af1f-c3084af27bef'
TpTrace Information: 0 : 17892, 1, 2024/11/25, 17:04:30.749, 8912151157965, vstest.console.dll, FilePatternParser: The given file C:\Users\Tunahan Ali Ozturk\Desktop\Moongazing.OrionGuard\Moongazing.OrionGuard\tests\Moongazing.OrionGuard.Tests\bin\Debug\net9.0\Moongazing.OrionGuard.Tests.dll is a full path.
TpTrace Verbose: 0 : 17892, 1, 2024/11/25, 17:04:30.757, 8912151240426, vstest.console.dll, TestPluginCache.DiscoverTestExtensions: finding test extensions in assemblies ends with: RuntimeProvider.dll TPluginInfo: Microsoft.VisualStudio.TestPlatform.Common.ExtensionFramework.Utilities.TestRuntimePluginInformation TExtension: Microsoft.VisualStudio.TestPlatform.ObjectModel.Host.ITestRuntimeProvider
TpTrace Verbose: 0 : 17892, 1, 2024/11/25, 17:04:30.758, 8912151245154, vstest.console.dll, TestPluginCache.GetExtensionPaths: Filtered extension paths: 
TpTrace Verbose: 0 : 17892, 1, 2024/11/25, 17:04:30.758, 8912151246340, vstest.console.dll, TestPluginCache.GetExtensionPaths: Added default extension paths: C:\Program Files\dotnet\sdk\9.0.100\Extensions\Microsoft.Diagnostics.NETCore.Client.dll
C:\Program Files\dotnet\sdk\9.0.100\Extensions\Microsoft.TestPlatform.Extensions.BlameDataCollector.dll
C:\Program Files\dotnet\sdk\9.0.100\Extensions\Microsoft.TestPlatform.Extensions.EventLogCollector.dll
C:\Program Files\dotnet\sdk\9.0.100\Extensions\Microsoft.TestPlatform.TestHostRuntimeProvider.dll
C:\Program Files\dotnet\sdk\9.0.100\Extensions\Microsoft.VisualStudio.TestPlatform.Extensions.Html.TestLogger.dll
C:\Program Files\dotnet\sdk\9.0.100\Extensions\Microsoft.VisualStudio.TestPlatform.Extensions.Trx.TestLogger.dll
TpTrace Verbose: 0 : 17892, 1, 2024/11/25, 17:04:30.758, 8912151247020, vstest.console.dll, TestPluginCache.GetExtensionPaths: Added unfilterableExtensionPaths: 
TpTrace Information: 0 : 17892, 1, 2024/11/25, 17:04:30.759, 8912151254482, vstest.console.dll, AssemblyResolver.ctor: Creating AssemblyResolver with searchDirectories C:\Program Files\dotnet\sdk\9.0.100\Extensions,C:\Program Files\dotnet\sdk\9.0.100
TpTrace Verbose: 0 : 17892, 1, 2024/11/25, 17:04:30.760, 8912151271298, vstest.console.dll, TestPluginCache.DiscoverTestExtensions: Discovering the extensions using extension path.
TpTrace Verbose: 0 : 17892, 1, 2024/11/25, 17:04:30.760, 8912151273320, vstest.console.dll, TestPluginCache.GetExtensionPaths: Filtered extension paths: 
TpTrace Verbose: 0 : 17892, 1, 2024/11/25, 17:04:30.760, 8912151274019, vstest.console.dll, TestPluginCache.GetExtensionPaths: Added default extension paths: C:\Program Files\dotnet\sdk\9.0.100\Extensions\Microsoft.Diagnostics.NETCore.Client.dll
C:\Program Files\dotnet\sdk\9.0.100\Extensions\Microsoft.TestPlatform.Extensions.BlameDataCollector.dll
C:\Program Files\dotnet\sdk\9.0.100\Extensions\Microsoft.TestPlatform.Extensions.EventLogCollector.dll
C:\Program Files\dotnet\sdk\9.0.100\Extensions\Microsoft.TestPlatform.TestHostRuntimeProvider.dll
C:\Program Files\dotnet\sdk\9.0.100\Extensions\Microsoft.VisualStudio.TestPlatform.Extensions.Html.TestLogger.dll
C:\Program Files\dotnet\sdk\9.0.100\Extensions\Microsoft.VisualStudio.TestPlatform.Extensions.Trx.TestLogger.dll
TpTrace Verbose: 0 : 17892, 1, 2024/11/25, 17:04:30.761, 8912151274659, vstest.console.dll, TestPluginCache.GetExtensionPaths: Added unfilterableExtensionPaths: 
TpTrace Verbose: 0 : 17892, 1, 2024/11/25, 17:04:30.761, 8912151276399, vstest.console.dll, TestPluginCache.DiscoverTestExtensions: Discovering the extensions using allExtensionPaths: C:\Program Files\dotnet\sdk\9.0.100\Extensions\Microsoft.Diagnostics.NETCore.Client.dll
C:\Program Files\dotnet\sdk\9.0.100\Extensions\Microsoft.TestPlatform.Extensions.BlameDataCollector.dll
C:\Program Files\dotnet\sdk\9.0.100\Extensions\Microsoft.TestPlatform.Extensions.EventLogCollector.dll
C:\Program Files\dotnet\sdk\9.0.100\Extensions\Microsoft.TestPlatform.TestHostRuntimeProvider.dll
C:\Program Files\dotnet\sdk\9.0.100\Extensions\Microsoft.VisualStudio.TestPlatform.Extensions.Html.TestLogger.dll
C:\Program Files\dotnet\sdk\9.0.100\Extensions\Microsoft.VisualStudio.TestPlatform.Extensions.Trx.TestLogger.dll
TpTrace Information: 0 : 17892, 1, 2024/11/25, 17:04:30.761, 8912151278597, vstest.console.dll, AssemblyResolver.AddSearchDirectories: Adding more searchDirectories C:\Program Files\dotnet\sdk\9.0.100\Extensions,C:\Program Files\dotnet\sdk\9.0.100
TpTrace Information: 0 : 17892, 1, 2024/11/25, 17:04:30.761, 8912151279597, vstest.console.dll, AssemblyResolver.AddSearchDirectories: Adding more searchDirectories C:\Program Files\dotnet\sdk\9.0.100\Extensions,C:\Program Files\dotnet\sdk\9.0.100
TpTrace Information: 0 : 17892, 1, 2024/11/25, 17:04:30.761, 8912151280222, vstest.console.dll, AssemblyResolver.AddSearchDirectories: Adding more searchDirectories C:\Program Files\dotnet\sdk\9.0.100\Extensions,C:\Program Files\dotnet\sdk\9.0.100
TpTrace Information: 0 : 17892, 1, 2024/11/25, 17:04:30.761, 8912151280789, vstest.console.dll, AssemblyResolver.AddSearchDirectories: Adding more searchDirectories C:\Program Files\dotnet\sdk\9.0.100\Extensions,C:\Program Files\dotnet\sdk\9.0.100
TpTrace Information: 0 : 17892, 1, 2024/11/25, 17:04:30.761, 8912151281303, vstest.console.dll, AssemblyResolver.AddSearchDirectories: Adding more searchDirectories C:\Program Files\dotnet\sdk\9.0.100\Extensions,C:\Program Files\dotnet\sdk\9.0.100
TpTrace Information: 0 : 17892, 1, 2024/11/25, 17:04:30.761, 8912151281857, vstest.console.dll, AssemblyResolver.AddSearchDirectories: Adding more searchDirectories C:\Program Files\dotnet\sdk\9.0.100\Extensions,C:\Program Files\dotnet\sdk\9.0.100
TpTrace Information: 0 : 17892, 1, 2024/11/25, 17:04:30.762, 8912151289425, vstest.console.dll, AssemblyResolver.OnResolve: Microsoft.Diagnostics.NETCore.Client: Resolving assembly.
TpTrace Information: 0 : 17892, 1, 2024/11/25, 17:04:30.762, 8912151290311, vstest.console.dll, AssemblyResolver.OnResolve: Microsoft.Diagnostics.NETCore.Client: Searching in: 'C:\Program Files\dotnet\sdk\9.0.100\Extensions'.
TpTrace Information: 0 : 17892, 1, 2024/11/25, 17:04:30.783, 8912151502197, vstest.console.dll, AssemblyResolver.OnResolve: Microsoft.Diagnostics.NETCore.Client: Loading assembly 'C:\Program Files\dotnet\sdk\9.0.100\Extensions\Microsoft.Diagnostics.NETCore.Client.dll'.
TpTrace Information: 0 : 17892, 1, 2024/11/25, 17:04:30.784, 8912151514075, vstest.console.dll, AssemblyResolver.OnResolve: Resolved assembly: Microsoft.Diagnostics.NETCore.Client, from path: C:\Program Files\dotnet\sdk\9.0.100\Extensions\Microsoft.Diagnostics.NETCore.Client.dll
TpTrace Verbose: 0 : 17892, 1, 2024/11/25, 17:04:30.787, 8912151540236, vstest.console.dll, MetadataReaderExtensionsHelper: Discovering extensions inside assembly 'Microsoft.Diagnostics.NETCore.Client, Version=0.2.10.41601, Culture=neutral, PublicKeyToken=31bf3856ad364e35' file path 'C:\Program Files\dotnet\sdk\9.0.100\Extensions\Microsoft.Diagnostics.NETCore.Client.dll'
TpTrace Information: 0 : 17892, 1, 2024/11/25, 17:04:30.795, 8912151619370, vstest.console.dll, AssemblyResolver.OnResolve: Microsoft.Bcl.AsyncInterfaces: Resolving assembly.
TpTrace Information: 0 : 17892, 1, 2024/11/25, 17:04:30.795, 8912151620749, vstest.console.dll, AssemblyResolver.OnResolve: Microsoft.Bcl.AsyncInterfaces: Searching in: 'C:\Program Files\dotnet\sdk\9.0.100\Extensions'.
TpTrace Information: 0 : 17892, 1, 2024/11/25, 17:04:30.795, 8912151622642, vstest.console.dll, AssemblyResolver.OnResolve: Microsoft.Bcl.AsyncInterfaces: Assembly path does not exist: 'C:\Program Files\dotnet\sdk\9.0.100\Extensions\Microsoft.Bcl.AsyncInterfaces.dll', returning.
TpTrace Information: 0 : 17892, 1, 2024/11/25, 17:04:30.795, 8912151623643, vstest.console.dll, AssemblyResolver.OnResolve: Microsoft.Bcl.AsyncInterfaces: Assembly path does not exist: 'C:\Program Files\dotnet\sdk\9.0.100\Extensions\Microsoft.Bcl.AsyncInterfaces.exe', returning.
TpTrace Information: 0 : 17892, 1, 2024/11/25, 17:04:30.795, 8912151624318, vstest.console.dll, AssemblyResolver.OnResolve: Microsoft.Bcl.AsyncInterfaces: Searching in: 'C:\Program Files\dotnet\sdk\9.0.100'.
TpTrace Information: 0 : 17892, 1, 2024/11/25, 17:04:30.796, 8912151625232, vstest.console.dll, AssemblyResolver.OnResolve: Microsoft.Bcl.AsyncInterfaces: Assembly path does not exist: 'C:\Program Files\dotnet\sdk\9.0.100\Microsoft.Bcl.AsyncInterfaces.dll', returning.
TpTrace Information: 0 : 17892, 1, 2024/11/25, 17:04:30.797, 8912151636488, vstest.console.dll, AssemblyResolver.OnResolve: Microsoft.Bcl.AsyncInterfaces: Assembly path does not exist: 'C:\Program Files\dotnet\sdk\9.0.100\Microsoft.Bcl.AsyncInterfaces.exe', returning.
TpTrace Information: 0 : 17892, 1, 2024/11/25, 17:04:30.797, 8912151638558, vstest.console.dll, AssemblyResolver.OnResolve: Microsoft.Bcl.AsyncInterfaces: Failed to load assembly.
TpTrace Verbose: 0 : 17892, 1, 2024/11/25, 17:04:30.797, 8912151639763, vstest.console.dll, CurrentDomainAssemblyResolve: Resolving assembly 'Microsoft.Bcl.AsyncInterfaces'.
TpTrace Information: 0 : 17892, 1, 2024/11/25, 17:04:30.797, 8912151641275, vstest.console.dll, AssemblyResolver.OnResolve: Microsoft.Bcl.AsyncInterfaces: Resolving assembly.
TpTrace Information: 0 : 17892, 1, 2024/11/25, 17:04:30.797, 8912151642014, vstest.console.dll, AssemblyResolver.OnResolve: Microsoft.Bcl.AsyncInterfaces: Resolved from cache.
TpTrace Verbose: 0 : 17892, 1, 2024/11/25, 17:04:30.797, 8912151642536, vstest.console.dll, CurrentDomainAssemblyResolve: Resolving assembly 'Microsoft.Bcl.AsyncInterfaces'.
TpTrace Verbose: 0 : 17892, 1, 2024/11/25, 17:04:30.797, 8912151643131, vstest.console.dll, CurrentDomainAssemblyResolve: Failed to resolve assembly 'Microsoft.Bcl.AsyncInterfaces'.
TpTrace Verbose: 0 : 17892, 1, 2024/11/25, 17:04:30.800, 8912151664502, vstest.console.dll, CurrentDomainAssemblyResolve: Failed to resolve assembly 'Microsoft.Bcl.AsyncInterfaces'.
TpTrace Warning: 0 : 17892, 1, 2024/11/25, 17:04:30.817, 8912151844116, vstest.console.dll, TestPluginDiscoverer: Failed to get types from assembly 'Microsoft.Diagnostics.NETCore.Client, Version=0.2.10.41601, Culture=neutral, PublicKeyToken=31bf3856ad364e35'. Error: System.Reflection.ReflectionTypeLoadException: Unable to load one or more of the requested types.
Could not load file or assembly 'Microsoft.Bcl.AsyncInterfaces, Version=6.0.0.0, Culture=neutral, PublicKeyToken=cc7b13ffcd2ddd51'. The system cannot find the file specified.
   at System.Reflection.RuntimeModule.GetDefinedTypes()
   at System.Reflection.RuntimeModule.GetTypes()
   at Microsoft.VisualStudio.TestPlatform.Common.ExtensionFramework.TestPluginDiscoverer.GetTestExtensionsFromAssembly[TPluginInfo,TExtension](Assembly assembly, Dictionary`2 pluginInfos, String filePath) in /_/src/Microsoft.TestPlatform.Common/ExtensionFramework/TestPluginDiscoverer.cs:line 159
System.IO.FileNotFoundException: Could not load file or assembly 'Microsoft.Bcl.AsyncInterfaces, Version=6.0.0.0, Culture=neutral, PublicKeyToken=cc7b13ffcd2ddd51'. The system cannot find the file specified.
File name: 'Microsoft.Bcl.AsyncInterfaces, Version=6.0.0.0, Culture=neutral, PublicKeyToken=cc7b13ffcd2ddd51'
 ---> System.IO.FileNotFoundException: Could not load file or assembly 'Microsoft.Bcl.AsyncInterfaces, Culture=neutral, PublicKeyToken=null'. The system cannot find the file specified.
File name: 'Microsoft.Bcl.AsyncInterfaces, Culture=neutral, PublicKeyToken=null'
   at System.Reflection.RuntimeAssembly.InternalLoad(AssemblyName assemblyName, StackCrawlMark& stackMark, AssemblyLoadContext assemblyLoadContext, RuntimeAssembly requestingAssembly, Boolean throwOnFileNotFound)
   at System.Reflection.Assembly.Load(AssemblyName assemblyRef)
   at Microsoft.VisualStudio.TestPlatform.Common.ExtensionFramework.TestPluginCache.CurrentDomainAssemblyResolve(Object sender, AssemblyResolveEventArgs args) in /_/src/Microsoft.TestPlatform.Common/ExtensionFramework/TestPluginCache.cs:line 514
   at System.Runtime.Loader.AssemblyLoadContext.GetFirstResolvedAssemblyFromResolvingEvent(AssemblyName assemblyName)
   at System.Runtime.Loader.AssemblyLoadContext.ResolveUsingEvent(AssemblyName assemblyName)
   at System.Runtime.Loader.AssemblyLoadContext.ResolveUsingResolvingEvent(IntPtr gchManagedAssemblyLoadContext, AssemblyName assemblyName)
TpTrace Warning: 0 : 17892, 1, 2024/11/25, 17:04:30.818, 8912151849590, vstest.console.dll, LoaderExceptions: System.IO.FileNotFoundException: Could not load file or assembly 'Microsoft.Bcl.AsyncInterfaces, Version=6.0.0.0, Culture=neutral, PublicKeyToken=cc7b13ffcd2ddd51'. The system cannot find the file specified.
File name: 'Microsoft.Bcl.AsyncInterfaces, Version=6.0.0.0, Culture=neutral, PublicKeyToken=cc7b13ffcd2ddd51'
 ---> System.IO.FileNotFoundException: Could not load file or assembly 'Microsoft.Bcl.AsyncInterfaces, Culture=neutral, PublicKeyToken=null'. The system cannot find the file specified.
File name: 'Microsoft.Bcl.AsyncInterfaces, Culture=neutral, PublicKeyToken=null'
   at System.Reflection.RuntimeAssembly.InternalLoad(AssemblyName assemblyName, StackCrawlMark& stackMark, AssemblyLoadContext assemblyLoadContext, RuntimeAssembly requestingAssembly, Boolean throwOnFileNotFound)
   at System.Reflection.Assembly.Load(AssemblyName assemblyRef)
   at Microsoft.VisualStudio.TestPlatform.Common.ExtensionFramework.TestPluginCache.CurrentDomainAssemblyResolve(Object sender, AssemblyResolveEventArgs args) in /_/src/Microsoft.TestPlatform.Common/ExtensionFramework/TestPluginCache.cs:line 514
   at System.Runtime.Loader.AssemblyLoadContext.GetFirstResolvedAssemblyFromResolvingEvent(AssemblyName assemblyName)
   at System.Runtime.Loader.AssemblyLoadContext.ResolveUsingEvent(AssemblyName assemblyName)
   at System.Runtime.Loader.AssemblyLoadContext.ResolveUsingResolvingEvent(IntPtr gchManagedAssemblyLoadContext, AssemblyName assemblyName)
TpTrace Information: 0 : 17892, 1, 2024/11/25, 17:04:30.818, 8912151851902, vstest.console.dll, AssemblyResolver.OnResolve: Microsoft.TestPlatform.Extensions.BlameDataCollector: Resolving assembly.
TpTrace Information: 0 : 17892, 1, 2024/11/25, 17:04:30.818, 8912151852605, vstest.console.dll, AssemblyResolver.OnResolve: Microsoft.TestPlatform.Extensions.BlameDataCollector: Searching in: 'C:\Program Files\dotnet\sdk\9.0.100\Extensions'.
TpTrace Information: 0 : 17892, 1, 2024/11/25, 17:04:30.819, 8912151861002, vstest.console.dll, AssemblyResolver.OnResolve: Microsoft.TestPlatform.Extensions.BlameDataCollector: Loading assembly 'C:\Program Files\dotnet\sdk\9.0.100\Extensions\Microsoft.TestPlatform.Extensions.BlameDataCollector.dll'.
TpTrace Information: 0 : 17892, 1, 2024/11/25, 17:04:30.820, 8912151873041, vstest.console.dll, AssemblyResolver.OnResolve: Resolved assembly: Microsoft.TestPlatform.Extensions.BlameDataCollector, from path: C:\Program Files\dotnet\sdk\9.0.100\Extensions\Microsoft.TestPlatform.Extensions.BlameDataCollector.dll
TpTrace Verbose: 0 : 17892, 1, 2024/11/25, 17:04:30.821, 8912151874699, vstest.console.dll, MetadataReaderExtensionsHelper: Discovering extensions inside assembly 'Microsoft.TestPlatform.Extensions.BlameDataCollector, Version=15.0.0.0, Culture=neutral, PublicKeyToken=b03f5f7f11d50a3a' file path 'C:\Program Files\dotnet\sdk\9.0.100\Extensions\Microsoft.TestPlatform.Extensions.BlameDataCollector.dll'
TpTrace Information: 0 : 17892, 1, 2024/11/25, 17:04:30.823, 8912151903502, vstest.console.dll, AssemblyResolver.OnResolve: Microsoft.TestPlatform.Extensions.EventLogCollector: Resolving assembly.
TpTrace Information: 0 : 17892, 1, 2024/11/25, 17:04:30.824, 8912151905160, vstest.console.dll, AssemblyResolver.OnResolve: Microsoft.TestPlatform.Extensions.EventLogCollector: Searching in: 'C:\Program Files\dotnet\sdk\9.0.100\Extensions'.
TpTrace Information: 0 : 17892, 1, 2024/11/25, 17:04:30.826, 8912151931702, vstest.console.dll, AssemblyResolver.OnResolve: Microsoft.TestPlatform.Extensions.EventLogCollector: Loading assembly 'C:\Program Files\dotnet\sdk\9.0.100\Extensions\Microsoft.TestPlatform.Extensions.EventLogCollector.dll'.
TpTrace Information: 0 : 17892, 1, 2024/11/25, 17:04:30.827, 8912151939614, vstest.console.dll, AssemblyResolver.OnResolve: Resolved assembly: Microsoft.TestPlatform.Extensions.EventLogCollector, from path: C:\Program Files\dotnet\sdk\9.0.100\Extensions\Microsoft.TestPlatform.Extensions.EventLogCollector.dll
TpTrace Verbose: 0 : 17892, 1, 2024/11/25, 17:04:30.827, 8912151940769, vstest.console.dll, MetadataReaderExtensionsHelper: Discovering extensions inside assembly 'Microsoft.TestPlatform.Extensions.EventLogCollector, Version=15.0.0.0, Culture=neutral, PublicKeyToken=b03f5f7f11d50a3a' file path 'C:\Program Files\dotnet\sdk\9.0.100\Extensions\Microsoft.TestPlatform.Extensions.EventLogCollector.dll'
TpTrace Information: 0 : 17892, 1, 2024/11/25, 17:04:30.832, 8912151985205, vstest.console.dll, AssemblyResolver.OnResolve: Microsoft.TestPlatform.TestHostRuntimeProvider: Resolving assembly.
TpTrace Information: 0 : 17892, 1, 2024/11/25, 17:04:30.832, 8912151986498, vstest.console.dll, AssemblyResolver.OnResolve: Microsoft.TestPlatform.TestHostRuntimeProvider: Searching in: 'C:\Program Files\dotnet\sdk\9.0.100\Extensions'.
TpTrace Information: 0 : 17892, 1, 2024/11/25, 17:04:30.832, 8912151993180, vstest.console.dll, AssemblyResolver.OnResolve: Microsoft.TestPlatform.TestHostRuntimeProvider: Loading assembly 'C:\Program Files\dotnet\sdk\9.0.100\Extensions\Microsoft.TestPlatform.TestHostRuntimeProvider.dll'.
TpTrace Information: 0 : 17892, 1, 2024/11/25, 17:04:30.833, 8912152000599, vstest.console.dll, AssemblyResolver.OnResolve: Resolved assembly: Microsoft.TestPlatform.TestHostRuntimeProvider, from path: C:\Program Files\dotnet\sdk\9.0.100\Extensions\Microsoft.TestPlatform.TestHostRuntimeProvider.dll
TpTrace Verbose: 0 : 17892, 1, 2024/11/25, 17:04:30.833, 8912152001535, vstest.console.dll, MetadataReaderExtensionsHelper: Discovering extensions inside assembly 'Microsoft.TestPlatform.TestHostRuntimeProvider, Version=15.0.0.0, Culture=neutral, PublicKeyToken=b03f5f7f11d50a3a' file path 'C:\Program Files\dotnet\sdk\9.0.100\Extensions\Microsoft.TestPlatform.TestHostRuntimeProvider.dll'
TpTrace Information: 0 : 17892, 1, 2024/11/25, 17:04:30.835, 8912152023330, vstest.console.dll, GetTestExtensionFromType: Register extension with identifier data 'HostProvider://DefaultTestHost' and type 'Microsoft.VisualStudio.TestPlatform.CrossPlatEngine.Hosting.DefaultTestHostManager, Microsoft.TestPlatform.TestHostRuntimeProvider, Version=15.0.0.0, Culture=neutral, PublicKeyToken=b03f5f7f11d50a3a' inside file 'C:\Program Files\dotnet\sdk\9.0.100\Extensions\Microsoft.TestPlatform.TestHostRuntimeProvider.dll'
TpTrace Information: 0 : 17892, 1, 2024/11/25, 17:04:30.836, 8912152026618, vstest.console.dll, GetTestExtensionFromType: Register extension with identifier data 'HostProvider://DotnetTestHost' and type 'Microsoft.VisualStudio.TestPlatform.CrossPlatEngine.Hosting.DotnetTestHostManager, Microsoft.TestPlatform.TestHostRuntimeProvider, Version=15.0.0.0, Culture=neutral, PublicKeyToken=b03f5f7f11d50a3a' inside file 'C:\Program Files\dotnet\sdk\9.0.100\Extensions\Microsoft.TestPlatform.TestHostRuntimeProvider.dll'
TpTrace Information: 0 : 17892, 1, 2024/11/25, 17:04:30.836, 8912152028505, vstest.console.dll, AssemblyResolver.OnResolve: Microsoft.VisualStudio.TestPlatform.Extensions.Html.TestLogger: Resolving assembly.
TpTrace Information: 0 : 17892, 1, 2024/11/25, 17:04:30.836, 8912152029510, vstest.console.dll, AssemblyResolver.OnResolve: Microsoft.VisualStudio.TestPlatform.Extensions.Html.TestLogger: Searching in: 'C:\Program Files\dotnet\sdk\9.0.100\Extensions'.
TpTrace Information: 0 : 17892, 1, 2024/11/25, 17:04:30.837, 8912152038938, vstest.console.dll, AssemblyResolver.OnResolve: Microsoft.VisualStudio.TestPlatform.Extensions.Html.TestLogger: Loading assembly 'C:\Program Files\dotnet\sdk\9.0.100\Extensions\Microsoft.VisualStudio.TestPlatform.Extensions.Html.TestLogger.dll'.
TpTrace Information: 0 : 17892, 1, 2024/11/25, 17:04:30.838, 8912152049545, vstest.console.dll, AssemblyResolver.OnResolve: Resolved assembly: Microsoft.VisualStudio.TestPlatform.Extensions.Html.TestLogger, from path: C:\Program Files\dotnet\sdk\9.0.100\Extensions\Microsoft.VisualStudio.TestPlatform.Extensions.Html.TestLogger.dll
TpTrace Verbose: 0 : 17892, 1, 2024/11/25, 17:04:30.838, 8912152050870, vstest.console.dll, MetadataReaderExtensionsHelper: Discovering extensions inside assembly 'Microsoft.VisualStudio.TestPlatform.Extensions.Html.TestLogger, Version=15.0.0.0, Culture=neutral, PublicKeyToken=b03f5f7f11d50a3a' file path 'C:\Program Files\dotnet\sdk\9.0.100\Extensions\Microsoft.VisualStudio.TestPlatform.Extensions.Html.TestLogger.dll'
TpTrace Information: 0 : 17892, 1, 2024/11/25, 17:04:30.840, 8912152067688, vstest.console.dll, AssemblyResolver.OnResolve: Microsoft.VisualStudio.TestPlatform.Extensions.Trx.TestLogger: Resolving assembly.
TpTrace Information: 0 : 17892, 1, 2024/11/25, 17:04:30.840, 8912152068546, vstest.console.dll, AssemblyResolver.OnResolve: Microsoft.VisualStudio.TestPlatform.Extensions.Trx.TestLogger: Searching in: 'C:\Program Files\dotnet\sdk\9.0.100\Extensions'.
TpTrace Information: 0 : 17892, 1, 2024/11/25, 17:04:30.840, 8912152073381, vstest.console.dll, AssemblyResolver.OnResolve: Microsoft.VisualStudio.TestPlatform.Extensions.Trx.TestLogger: Loading assembly 'C:\Program Files\dotnet\sdk\9.0.100\Extensions\Microsoft.VisualStudio.TestPlatform.Extensions.Trx.TestLogger.dll'.
TpTrace Information: 0 : 17892, 1, 2024/11/25, 17:04:30.841, 8912152080488, vstest.console.dll, AssemblyResolver.OnResolve: Resolved assembly: Microsoft.VisualStudio.TestPlatform.Extensions.Trx.TestLogger, from path: C:\Program Files\dotnet\sdk\9.0.100\Extensions\Microsoft.VisualStudio.TestPlatform.Extensions.Trx.TestLogger.dll
TpTrace Verbose: 0 : 17892, 1, 2024/11/25, 17:04:30.841, 8912152081437, vstest.console.dll, MetadataReaderExtensionsHelper: Discovering extensions inside assembly 'Microsoft.VisualStudio.TestPlatform.Extensions.Trx.TestLogger, Version=15.0.0.0, Culture=neutral, PublicKeyToken=b03f5f7f11d50a3a' file path 'C:\Program Files\dotnet\sdk\9.0.100\Extensions\Microsoft.VisualStudio.TestPlatform.Extensions.Trx.TestLogger.dll'
TpTrace Verbose: 0 : 17892, 1, 2024/11/25, 17:04:30.843, 8912152094339, vstest.console.dll, TestPluginCache: Discovered the extensions using extension path ''.
TpTrace Verbose: 0 : 17892, 1, 2024/11/25, 17:04:30.843, 8912152095042, vstest.console.dll, TestPluginCache: Discoverers are ''.
TpTrace Verbose: 0 : 17892, 1, 2024/11/25, 17:04:30.843, 8912152095333, vstest.console.dll, TestPluginCache: Executors are ''.
TpTrace Verbose: 0 : 17892, 1, 2024/11/25, 17:04:30.843, 8912152095604, vstest.console.dll, TestPluginCache: Executors2 are ''.
TpTrace Verbose: 0 : 17892, 1, 2024/11/25, 17:04:30.843, 8912152095896, vstest.console.dll, TestPluginCache: Setting providers are ''.
TpTrace Verbose: 0 : 17892, 1, 2024/11/25, 17:04:30.843, 8912152096139, vstest.console.dll, TestPluginCache: Loggers are ''.
TpTrace Verbose: 0 : 17892, 1, 2024/11/25, 17:04:30.843, 8912152097741, vstest.console.dll, TestPluginCache: TestHosts are 'HostProvider://DefaultTestHost,HostProvider://DotnetTestHost'.
TpTrace Verbose: 0 : 17892, 1, 2024/11/25, 17:04:30.843, 8912152098131, vstest.console.dll, TestPluginCache: DataCollectors are ''.
TpTrace Information: 0 : 17892, 1, 2024/11/25, 17:04:30.864, 8912152307464, vstest.console.dll, RunTestsArgumentProcessor:Execute: Test run is starting.
TpTrace Verbose: 0 : 17892, 1, 2024/11/25, 17:04:30.864, 8912152309130, vstest.console.dll, RunTestsArgumentProcessor:Execute: Queuing Test run.
TpTrace Information: 0 : 17892, 1, 2024/11/25, 17:04:30.864, 8912152314315, vstest.console.dll, TestRequestManager.RunTests: run tests started.
TpTrace Information: 0 : 17892, 1, 2024/11/25, 17:04:30.868, 8912152347079, vstest.console.dll, AssemblyMetadataProvider.GetFrameworkName: Determined framework:'.NETCoreApp,Version=v9.0' for source: 'C:\Users\Tunahan Ali Ozturk\Desktop\Moongazing.OrionGuard\Moongazing.OrionGuard\tests\Moongazing.OrionGuard.Tests\bin\Debug\net9.0\Moongazing.OrionGuard.Tests.dll'
TpTrace Information: 0 : 17892, 1, 2024/11/25, 17:04:30.869, 8912152354961, vstest.console.dll, Determined framework for all sources: .NETCoreApp,Version=v9.0
TpTrace Verbose: 0 : 17892, 1, 2024/11/25, 17:04:30.870, 8912152372059, vstest.console.dll, TestRequestManager.UpdateRunSettingsIfRequired: Default architecture: X64 IsDefaultTargetArchitecture: True, Current process architecture: X64 OperatingSystem: Windows.
TpTrace Information: 0 : 17892, 1, 2024/11/25, 17:04:30.878, 8912152450720, vstest.console.dll, AssemblyMetadataProvider.GetArchitecture: Determined architecture:AnyCPU info for assembly: C:\Users\Tunahan Ali Ozturk\Desktop\Moongazing.OrionGuard\Moongazing.OrionGuard\tests\Moongazing.OrionGuard.Tests\bin\Debug\net9.0\Moongazing.OrionGuard.Tests.dll
TpTrace Information: 0 : 17892, 1, 2024/11/25, 17:04:30.878, 8912152452451, vstest.console.dll, Determined platform for source 'C:\Users\Tunahan Ali Ozturk\Desktop\Moongazing.OrionGuard\Moongazing.OrionGuard\tests\Moongazing.OrionGuard.Tests\bin\Debug\net9.0\Moongazing.OrionGuard.Tests.dll' was AnyCPU and it will use the default plaform X64.
TpTrace Information: 0 : 17892, 1, 2024/11/25, 17:04:30.878, 8912152453138, vstest.console.dll, None of the sources provided any runnable platform, using the default platform: X64
TpTrace Information: 0 : 17892, 1, 2024/11/25, 17:04:30.879, 8912152455722, vstest.console.dll, Platform was updated to 'X64'.
TpTrace Information: 0 : 17892, 1, 2024/11/25, 17:04:30.885, 8912152519766, vstest.console.dll, Compatible sources list: 
TpTrace Information: 0 : 17892, 1, 2024/11/25, 17:04:30.885, 8912152524125, vstest.console.dll, C:\Users\Tunahan Ali Ozturk\Desktop\Moongazing.OrionGuard\Moongazing.OrionGuard\tests\Moongazing.OrionGuard.Tests\bin\Debug\net9.0\Moongazing.OrionGuard.Tests.dll
TpTrace Information: 0 : 17892, 1, 2024/11/25, 17:04:30.892, 8912152585512, vstest.console.dll, InferRunSettingsHelper.IsTestSettingsEnabled: Unable to navigate to RunSettings/MSTest. Current node: RunSettings
TpTrace Information: 0 : 17892, 1, 2024/11/25, 17:04:30.892, 8912152593510, vstest.console.dll, AssemblyResolver.OnResolve: Microsoft.VisualStudio.TestPlatform.Fakes: Resolving assembly.
TpTrace Information: 0 : 17892, 1, 2024/11/25, 17:04:30.893, 8912152594410, vstest.console.dll, AssemblyResolver.OnResolve: Microsoft.VisualStudio.TestPlatform.Fakes: Searching in: 'C:\Program Files\dotnet\sdk\9.0.100\Extensions'.
TpTrace Information: 0 : 17892, 1, 2024/11/25, 17:04:30.893, 8912152595687, vstest.console.dll, AssemblyResolver.OnResolve: Microsoft.VisualStudio.TestPlatform.Fakes: Assembly path does not exist: 'C:\Program Files\dotnet\sdk\9.0.100\Extensions\Microsoft.VisualStudio.TestPlatform.Fakes.dll', returning.
TpTrace Information: 0 : 17892, 1, 2024/11/25, 17:04:30.893, 8912152596700, vstest.console.dll, AssemblyResolver.OnResolve: Microsoft.VisualStudio.TestPlatform.Fakes: Assembly path does not exist: 'C:\Program Files\dotnet\sdk\9.0.100\Extensions\Microsoft.VisualStudio.TestPlatform.Fakes.exe', returning.
TpTrace Information: 0 : 17892, 1, 2024/11/25, 17:04:30.893, 8912152597252, vstest.console.dll, AssemblyResolver.OnResolve: Microsoft.VisualStudio.TestPlatform.Fakes: Searching in: 'C:\Program Files\dotnet\sdk\9.0.100'.
TpTrace Information: 0 : 17892, 1, 2024/11/25, 17:04:30.893, 8912152598148, vstest.console.dll, AssemblyResolver.OnResolve: Microsoft.VisualStudio.TestPlatform.Fakes: Assembly path does not exist: 'C:\Program Files\dotnet\sdk\9.0.100\Microsoft.VisualStudio.TestPlatform.Fakes.dll', returning.
TpTrace Information: 0 : 17892, 1, 2024/11/25, 17:04:30.893, 8912152599090, vstest.console.dll, AssemblyResolver.OnResolve: Microsoft.VisualStudio.TestPlatform.Fakes: Assembly path does not exist: 'C:\Program Files\dotnet\sdk\9.0.100\Microsoft.VisualStudio.TestPlatform.Fakes.exe', returning.
TpTrace Information: 0 : 17892, 1, 2024/11/25, 17:04:30.893, 8912152599784, vstest.console.dll, AssemblyResolver.OnResolve: Microsoft.VisualStudio.TestPlatform.Fakes: Failed to load assembly.
TpTrace Information: 0 : 17892, 1, 2024/11/25, 17:04:30.893, 8912152603000, vstest.console.dll, Failed to load assembly Microsoft.VisualStudio.TestPlatform.Fakes, Version=17.0.0.0, Culture=neutral. Reason:System.IO.FileNotFoundException: Could not load file or assembly 'Microsoft.VisualStudio.TestPlatform.Fakes, Version=17.0.0.0, Culture=neutral, PublicKeyToken=null'. The system cannot find the file specified.
File name: 'Microsoft.VisualStudio.TestPlatform.Fakes, Version=17.0.0.0, Culture=neutral, PublicKeyToken=null'
   at System.Reflection.RuntimeAssembly.InternalLoad(AssemblyName assemblyName, StackCrawlMark& stackMark, AssemblyLoadContext assemblyLoadContext, RuntimeAssembly requestingAssembly, Boolean throwOnFileNotFound)
   at System.Reflection.Assembly.Load(AssemblyName assemblyRef)
   at Microsoft.VisualStudio.TestPlatform.Common.Utilities.FakesUtilities.LoadTestPlatformAssembly() in /_/src/Microsoft.TestPlatform.Common/Utilities/FakesUtilities.cs:line 273
TpTrace Verbose: 0 : 17892, 1, 2024/11/25, 17:04:30.911, 8912152781499, vstest.console.dll, TestEngine: Initializing Parallel Execution as MaxCpuCount is set to: 1
TpTrace Information: 0 : 17892, 1, 2024/11/25, 17:04:30.913, 8912152797148, vstest.console.dll, TestPluginManager.CreateTestExtension: Attempting to load test extension: Microsoft.VisualStudio.TestPlatform.CrossPlatEngine.Hosting.DefaultTestHostManager
TpTrace Information: 0 : 17892, 1, 2024/11/25, 17:04:30.914, 8912152806428, vstest.console.dll, TestPluginManager.CreateTestExtension: Attempting to load test extension: Microsoft.VisualStudio.TestPlatform.CrossPlatEngine.Hosting.DotnetTestHostManager
TpTrace Verbose: 0 : 17892, 1, 2024/11/25, 17:04:30.914, 8912152809636, vstest.console.dll, TestHostManagerCallbacks.ctor: Forwarding output is enabled.
TpTrace Information: 0 : 17892, 1, 2024/11/25, 17:04:30.915, 8912152814733, vstest.console.dll, InferRunSettingsHelper.IsTestSettingsEnabled: Unable to navigate to RunSettings/MSTest. Current node: RunSettings
TpTrace Verbose: 0 : 17892, 1, 2024/11/25, 17:04:30.915, 8912152822032, vstest.console.dll, ParallelOperationManager.ClearSlots: Clearing all slots. Slots should accept more work: True
TpTrace Verbose: 0 : 17892, 1, 2024/11/25, 17:04:30.916, 8912152829281, vstest.console.dll, ParallelOperationManager.SetOccupiedSlotCount: Setting slot counts AvailableSlotCount = 1, OccupiedSlotCount = 0.
TpTrace Verbose: 0 : 17892, 1, 2024/11/25, 17:04:30.917, 8912152834710, vstest.console.dll, Occupied slots:

TpTrace Verbose: 0 : 17892, 1, 2024/11/25, 17:04:30.921, 8912152882706, vstest.console.dll, TestEngine.GetExecutionManager: Chosen execution manager 'Microsoft.VisualStudio.TestPlatform.CrossPlatEngine.Client.Parallel.ParallelProxyExecutionManager, Microsoft.TestPlatform.CrossPlatEngine, Version=15.0.0.0, Culture=neutral, PublicKeyToken=b03f5f7f11d50a3a' ParallelLevel '1'.
TpTrace Verbose: 0 : 17892, 1, 2024/11/25, 17:04:30.922, 8912152885399, vstest.console.dll, TestPlatform.GetSkipDefaultAdapters: Not skipping default adapters SkipDefaultAdapters was false.
TpTrace Verbose: 0 : 17892, 1, 2024/11/25, 17:04:30.922, 8912152886628, vstest.console.dll, TestRunRequest.ExecuteAsync: Creating test run request.
TpTrace Verbose: 0 : 17892, 1, 2024/11/25, 17:04:30.922, 8912152892103, vstest.console.dll, TestRunRequest.ExecuteAsync: Starting.
TpTrace Information: 0 : 17892, 1, 2024/11/25, 17:04:30.924, 8912152909052, vstest.console.dll, TestRunRequest.ExecuteAsync: Starting run with settings:TestRunCriteria:
   KeepAlive=False,FrequencyOfRunStatsChangeEvent=10,RunStatsChangeEventTimeout=00:00:01.5000000,TestCaseFilter=,TestExecutorLauncher=
   Settingsxml=<RunSettings>
  <RunConfiguration>
    <ResultsDirectory>C:\Users\Tunahan Ali Ozturk\Desktop\Moongazing.OrionGuard\Moongazing.OrionGuard\tests\Moongazing.OrionGuard.Tests\TestResults</ResultsDirectory>
    <TargetPlatform>X64</TargetPlatform>
    <TargetFrameworkVersion>.NETCoreApp,Version=v9.0</TargetFrameworkVersion>
    <DesignMode>False</DesignMode>
    <CollectSourceInformation>False</CollectSourceInformation>
  </RunConfiguration>
  <LoggerRunSettings>
    <Loggers>
      <Logger friendlyName="Console" assemblyQualifiedName="Microsoft.VisualStudio.TestPlatform.CommandLine.Internal.ConsoleLogger, vstest.console, Version=15.0.0.0, Culture=neutral, PublicKeyToken=b03f5f7f11d50a3a" codeBase="C:\Program Files\dotnet\sdk\9.0.100\vstest.console.dll" enabled="True">
        <Configuration>
          <Verbosity>minimal</Verbosity>
        </Configuration>
      </Logger>
    </Loggers>
  </LoggerRunSettings>
</RunSettings>

TpTrace Verbose: 0 : 17892, 1, 2024/11/25, 17:04:30.924, 8912152910639, vstest.console.dll, TestRunRequest.ExecuteAsync: Wait for the first run request is over.
TpTrace Verbose: 0 : 17892, 1, 2024/11/25, 17:04:30.925, 8912152914426, vstest.console.dll, MulticastDelegateUtilities.SafeInvoke: TestRun.TestRunStart: Invoking callbacks was skipped because there are no subscribers.
TpTrace Verbose: 0 : 17892, 4, 2024/11/25, 17:04:30.925, 8912152916814, vstest.console.dll, MulticastDelegateUtilities.SafeInvoke: InternalTestLoggerEvents.SendTestRunStart: Invoking callback 1/1 for Microsoft.VisualStudio.TestPlatform.CommandLine.Internal.ConsoleLogger., took 0 ms.
TpTrace Verbose: 0 : 17892, 1, 2024/11/25, 17:04:30.927, 8912152941928, vstest.console.dll, ParallelProxyExecutionManager: Start execution. Total sources: 1
TpTrace Verbose: 0 : 17892, 1, 2024/11/25, 17:04:30.928, 8912152947577, vstest.console.dll, ParallelOperationManager.StartWork: Starting adding 1 workloads.
TpTrace Verbose: 0 : 17892, 1, 2024/11/25, 17:04:30.928, 8912152948994, vstest.console.dll, ParallelOperationManager.ClearSlots: Clearing all slots. Slots should accept more work: True
TpTrace Verbose: 0 : 17892, 1, 2024/11/25, 17:04:30.928, 8912152950336, vstest.console.dll, ParallelOperationManager.SetOccupiedSlotCount: Setting slot counts AvailableSlotCount = 1, OccupiedSlotCount = 0.
TpTrace Verbose: 0 : 17892, 1, 2024/11/25, 17:04:30.928, 8912152951167, vstest.console.dll, Occupied slots:

TpTrace Verbose: 0 : 17892, 1, 2024/11/25, 17:04:30.930, 8912152968592, vstest.console.dll, TestHostManagerCallbacks.ctor: Forwarding output is enabled.
TpTrace Verbose: 0 : 17892, 1, 2024/11/25, 17:04:30.930, 8912152971971, vstest.console.dll, TestRequestSender is acting as server.
TpTrace Verbose: 0 : 17892, 1, 2024/11/25, 17:04:30.931, 8912152975917, vstest.console.dll, ParallelOperationManager.RunWorkInParallel: Adding 1 workload to slot, remaining workloads 0.
TpTrace Verbose: 0 : 17892, 1, 2024/11/25, 17:04:30.931, 8912152976752, vstest.console.dll, ParallelOperationManager.SetOccupiedSlotCount: Setting slot counts AvailableSlotCount = 0, OccupiedSlotCount = 1.
TpTrace Verbose: 0 : 17892, 1, 2024/11/25, 17:04:30.931, 8912152978463, vstest.console.dll, Occupied slots:
0: C:\Users\Tunahan Ali Ozturk\Desktop\Moongazing.OrionGuard\Moongazing.OrionGuard\tests\Moongazing.OrionGuard.Tests\bin\Debug\net9.0\Moongazing.OrionGuard.Tests.dll
TpTrace Verbose: 0 : 17892, 1, 2024/11/25, 17:04:30.933, 8912152996207, vstest.console.dll, ParallelOperationManager.RunWorkInParallel: Started host in slot number 0 for work (source): C:\Users\Tunahan Ali Ozturk\Desktop\Moongazing.OrionGuard\Moongazing.OrionGuard\tests\Moongazing.OrionGuard.Tests\bin\Debug\net9.0\Moongazing.OrionGuard.Tests.dll.
TpTrace Verbose: 0 : 17892, 5, 2024/11/25, 17:04:30.939, 8912153064324, vstest.console.dll, ParallelProxyExecutionManager.StartTestRunOnConcurrentManager: Initializing uninitialized client. Started clients: 0
TpTrace Verbose: 0 : 17892, 1, 2024/11/25, 17:04:30.940, 8912153065033, vstest.console.dll, ParallelOperationManager.RunWorkInParallel: We started 1 work items, which is the max parallel level. Won't start more work.
TpTrace Verbose: 0 : 17892, 5, 2024/11/25, 17:04:30.940, 8912153066147, vstest.console.dll, ParallelProxyExecutionManager.StartTestRunOnConcurrentManager: Initializing test run. Started clients: 0
TpTrace Verbose: 0 : 17892, 1, 2024/11/25, 17:04:30.940, 8912153066361, vstest.console.dll, ParallelOperationManager.RunWorkInParallel: We started 1 work items in here, returning True.
TpTrace Information: 0 : 17892, 1, 2024/11/25, 17:04:30.940, 8912153067818, vstest.console.dll, TestRunRequest.ExecuteAsync: Started.
TpTrace Verbose: 0 : 17892, 5, 2024/11/25, 17:04:30.940, 8912153067965, vstest.console.dll, ProxyExecutionManager: Test host is always Lazy initialize.
TpTrace Verbose: 0 : 17892, 5, 2024/11/25, 17:04:30.940, 8912153071229, vstest.console.dll, TestRequestSender.InitializeCommunication: initialize communication. 
TpTrace Verbose: 0 : 17892, 1, 2024/11/25, 17:04:30.941, 8912153075700, vstest.console.dll, TestRunRequest.WaitForCompletion: Waiting with timeout -1.
TpTrace Information: 0 : 17892, 5, 2024/11/25, 17:04:30.952, 8912153193391, vstest.console.dll, SocketServer.Start: Listening on endpoint : 127.0.0.1:61741
TpTrace Verbose: 0 : 17892, 5, 2024/11/25, 17:04:30.961, 8912153276353, vstest.console.dll, DotnetTestHostmanager.GetTestHostProcessStartInfo: Platform environment 'X64' target architecture 'X64' framework '.NETCoreApp,Version=v9.0' OS 'Windows'
TpTrace Verbose: 0 : 17892, 5, 2024/11/25, 17:04:30.961, 8912153279505, vstest.console.dll, DotnetTestHostmanager: Adding  --runtimeconfig "C:\Users\Tunahan Ali Ozturk\Desktop\Moongazing.OrionGuard\Moongazing.OrionGuard\tests\Moongazing.OrionGuard.Tests\bin\Debug\net9.0\Moongazing.OrionGuard.Tests.runtimeconfig.json" in args
TpTrace Verbose: 0 : 17892, 5, 2024/11/25, 17:04:30.961, 8912153280929, vstest.console.dll, DotnetTestHostmanager: Adding  --depsfile "C:\Users\Tunahan Ali Ozturk\Desktop\Moongazing.OrionGuard\Moongazing.OrionGuard\tests\Moongazing.OrionGuard.Tests\bin\Debug\net9.0\Moongazing.OrionGuard.Tests.deps.json" in args
TpTrace Verbose: 0 : 17892, 5, 2024/11/25, 17:04:30.962, 8912153284470, vstest.console.dll, DotnetTestHostmanager.IsWinOnArm: Current PROCESSOR_ARCHITECTURE from environment variable 'AMD64'
TpTrace Verbose: 0 : 17892, 5, 2024/11/25, 17:04:30.962, 8912153285332, vstest.console.dll, DotnetTestHostmanager.IsWinOnArm: Is Windows on ARM 'False'
TpTrace Information: 0 : 17892, 5, 2024/11/25, 17:04:30.962, 8912153287164, vstest.console.dll, AssemblyResolver.OnResolve: Microsoft.Extensions.DependencyModel: Resolving assembly.
TpTrace Information: 0 : 17892, 5, 2024/11/25, 17:04:30.962, 8912153287819, vstest.console.dll, AssemblyResolver.OnResolve: Microsoft.Extensions.DependencyModel: Searching in: 'C:\Program Files\dotnet\sdk\9.0.100\Extensions'.
TpTrace Information: 0 : 17892, 5, 2024/11/25, 17:04:30.962, 8912153288692, vstest.console.dll, AssemblyResolver.OnResolve: Microsoft.Extensions.DependencyModel: Assembly path does not exist: 'C:\Program Files\dotnet\sdk\9.0.100\Extensions\Microsoft.Extensions.DependencyModel.dll', returning.
TpTrace Information: 0 : 17892, 5, 2024/11/25, 17:04:30.962, 8912153289496, vstest.console.dll, AssemblyResolver.OnResolve: Microsoft.Extensions.DependencyModel: Assembly path does not exist: 'C:\Program Files\dotnet\sdk\9.0.100\Extensions\Microsoft.Extensions.DependencyModel.exe', returning.
TpTrace Information: 0 : 17892, 5, 2024/11/25, 17:04:30.962, 8912153290044, vstest.console.dll, AssemblyResolver.OnResolve: Microsoft.Extensions.DependencyModel: Searching in: 'C:\Program Files\dotnet\sdk\9.0.100'.
TpTrace Information: 0 : 17892, 5, 2024/11/25, 17:04:30.963, 8912153300861, vstest.console.dll, AssemblyResolver.OnResolve: Microsoft.Extensions.DependencyModel: Loading assembly 'C:\Program Files\dotnet\sdk\9.0.100\Microsoft.Extensions.DependencyModel.dll'.
TpTrace Information: 0 : 17892, 5, 2024/11/25, 17:04:30.964, 8912153313758, vstest.console.dll, AssemblyResolver.OnResolve: Resolved assembly: Microsoft.Extensions.DependencyModel, from path: C:\Program Files\dotnet\sdk\9.0.100\Microsoft.Extensions.DependencyModel.dll
TpTrace Verbose: 0 : 17892, 5, 2024/11/25, 17:04:30.966, 8912153327992, vstest.console.dll, DotnetTestHostmanager: Runtimeconfig.dev.json C:\Users\Tunahan Ali Ozturk\Desktop\Moongazing.OrionGuard\Moongazing.OrionGuard\tests\Moongazing.OrionGuard.Tests\bin\Debug\net9.0\Moongazing.OrionGuard.Tests.runtimeconfig.dev.json does not exist.
TpTrace Verbose: 0 : 17892, 5, 2024/11/25, 17:04:30.966, 8912153330480, vstest.console.dll, DotnetTestHostmanager: Runtimeconfig.dev.json C:\Users\Tunahan Ali Ozturk\Desktop\Moongazing.OrionGuard\Moongazing.OrionGuard\tests\Moongazing.OrionGuard.Tests\bin\Debug\net9.0\Moongazing.OrionGuard.Tests.runtimeconfig.dev.json does not exist.
TpTrace Verbose: 0 : 17892, 5, 2024/11/25, 17:04:30.966, 8912153332521, vstest.console.dll, DotnetTestHostManager: Found testhost.dll next to runner executable: C:\Program Files\dotnet\sdk\9.0.100\testhost.dll.
TpTrace Verbose: 0 : 17892, 5, 2024/11/25, 17:04:30.967, 8912153334635, vstest.console.dll, DotnetTestHostmanager: Adding  --additional-deps "C:\Program Files\dotnet\sdk\9.0.100\testhost.deps.json" in args
TpTrace Verbose: 0 : 17892, 5, 2024/11/25, 17:04:30.967, 8912153335417, vstest.console.dll, DotnetTestHostmanager: Adding  --additionalprobingpath "C:\Program Files\dotnet\sdk\9.0.100" in args
TpTrace Verbose: 0 : 17892, 5, 2024/11/25, 17:04:30.967, 8912153336183, vstest.console.dll, DotnetTestHostmanager: Current process architetcure 'X64'
TpTrace Verbose: 0 : 17892, 5, 2024/11/25, 17:04:30.967, 8912153341790, vstest.console.dll, DotnetTestHostmanager.LaunchTestHostAsync: Compatible muxer architecture of running process 'X64' and target architecture 'X64'
TpTrace Verbose: 0 : 17892, 5, 2024/11/25, 17:04:30.967, 8912153342643, vstest.console.dll, DotnetTestHostmanager: Full path of testhost.dll is C:\Program Files\dotnet\sdk\9.0.100\testhost.dll
TpTrace Verbose: 0 : 17892, 5, 2024/11/25, 17:04:30.967, 8912153343094, vstest.console.dll, DotnetTestHostmanager: Full path of host exe is C:\Program Files\dotnet\dotnet.exe
TpTrace Verbose: 0 : 17892, 5, 2024/11/25, 17:04:30.968, 8912153346954, vstest.console.dll, DotnetTestHostManager: Starting process 'C:\Program Files\dotnet\dotnet.exe' with command line 'exec --runtimeconfig "C:\Users\Tunahan Ali Ozturk\Desktop\Moongazing.OrionGuard\Moongazing.OrionGuard\tests\Moongazing.OrionGuard.Tests\bin\Debug\net9.0\Moongazing.OrionGuard.Tests.runtimeconfig.json" --depsfile "C:\Users\Tunahan Ali Ozturk\Desktop\Moongazing.OrionGuard\Moongazing.OrionGuard\tests\Moongazing.OrionGuard.Tests\bin\Debug\net9.0\Moongazing.OrionGuard.Tests.deps.json" --additional-deps "C:\Program Files\dotnet\sdk\9.0.100\testhost.deps.json" --additionalprobingpath "C:\Program Files\dotnet\sdk\9.0.100" "C:\Program Files\dotnet\sdk\9.0.100\testhost.dll" --port 61741 --endpoint 127.0.0.1:061741 --role client --parentprocessid 17892 --diag "C:\Users\Tunahan Ali Ozturk\Desktop\Moongazing.OrionGuard\Moongazing.OrionGuard\log.host.24-11-25_17-04-30_96069_5.txt" --tracelevel 4 --telemetryoptedin false'
TpTrace Verbose: 0 : 17892, 5, 2024/11/25, 17:04:31.010, 8912153764729, vstest.console.dll, Test Runtime launched
TpTrace Verbose: 0 : 17892, 5, 2024/11/25, 17:04:31.010, 8912153766199, vstest.console.dll, MulticastDelegateUtilities.SafeInvoke: HostProviderEvents.OnHostLaunched: Invoking callback 1/1 for Microsoft.VisualStudio.TestPlatform.CrossPlatEngine.Client.ProxyOperationManager., took 0 ms.
TpTrace Verbose: 0 : 17892, 5, 2024/11/25, 17:04:31.010, 8912153768369, vstest.console.dll, TestRequestSender.WaitForRequestHandlerConnection: waiting for connection with timeout: 90000.
TpTrace Warning: 0 : 17892, 11, 2024/11/25, 17:04:31.027, 8912153940080, vstest.console.dll, TestHostManagerCallbacks.ErrorReceivedCallback Test host standard error line: Error:
TpTrace Verbose: 0 : 17892, 11, 2024/11/25, 17:04:31.027, 8912153942842, vstest.console.dll, MulticastDelegateUtilities.SafeInvoke: TestRunMessageLoggerProxy.SendMessage: Invoking callback 1/1 for Microsoft.VisualStudio.TestPlatform.Common.Logging.InternalTestLoggerEvents., took 0 ms.
TpTrace Warning: 0 : 17892, 11, 2024/11/25, 17:04:31.027, 8912153943778, vstest.console.dll, TestHostManagerCallbacks.ErrorReceivedCallback Test host standard error line:   An assembly specified in the application dependencies manifest (Moongazing.OrionGuard.Tests.deps.json) was not found:
TpTrace Verbose: 0 : 17892, 11, 2024/11/25, 17:04:31.028, 8912153945209, vstest.console.dll, MulticastDelegateUtilities.SafeInvoke: TestRunMessageLoggerProxy.SendMessage: Invoking callback 1/1 for Microsoft.VisualStudio.TestPlatform.Common.Logging.InternalTestLoggerEvents., took 0 ms.
TpTrace Verbose: 0 : 17892, 4, 2024/11/25, 17:04:31.028, 8912153945343, vstest.console.dll, MulticastDelegateUtilities.SafeInvoke: InternalTestLoggerEvents.SendMessage: Invoking callback 1/1 for Microsoft.VisualStudio.TestPlatform.CommandLine.Internal.ConsoleLogger., took 0 ms.
TpTrace Warning: 0 : 17892, 11, 2024/11/25, 17:04:31.028, 8912153946058, vstest.console.dll, TestHostManagerCallbacks.ErrorReceivedCallback Test host standard error line:     package: 'xunit.abstractions', version: '2.0.3'
TpTrace Verbose: 0 : 17892, 4, 2024/11/25, 17:04:31.028, 8912153946930, vstest.console.dll, MulticastDelegateUtilities.SafeInvoke: InternalTestLoggerEvents.SendMessage: Invoking callback 1/1 for Microsoft.VisualStudio.TestPlatform.CommandLine.Internal.ConsoleLogger., took 0 ms.
TpTrace Verbose: 0 : 17892, 11, 2024/11/25, 17:04:31.028, 8912153947720, vstest.console.dll, MulticastDelegateUtilities.SafeInvoke: TestRunMessageLoggerProxy.SendMessage: Invoking callback 1/1 for Microsoft.VisualStudio.TestPlatform.Common.Logging.InternalTestLoggerEvents., took 0 ms.
TpTrace Verbose: 0 : 17892, 4, 2024/11/25, 17:04:31.028, 8912153948683, vstest.console.dll, MulticastDelegateUtilities.SafeInvoke: InternalTestLoggerEvents.SendMessage: Invoking callback 1/1 for Microsoft.VisualStudio.TestPlatform.CommandLine.Internal.ConsoleLogger., took 0 ms.
TpTrace Warning: 0 : 17892, 11, 2024/11/25, 17:04:31.028, 8912153949813, vstest.console.dll, TestHostManagerCallbacks.ErrorReceivedCallback Test host standard error line:     path: 'lib/netstandard2.0/xunit.abstractions.dll'
TpTrace Verbose: 0 : 17892, 9, 2024/11/25, 17:04:31.028, 8912153949834, vstest.console.dll, TestHostManagerCallbacks.StandardOutputReceivedCallback Test host standard output line: 
TpTrace Verbose: 0 : 17892, 4, 2024/11/25, 17:04:31.028, 8912153950940, vstest.console.dll, MulticastDelegateUtilities.SafeInvoke: InternalTestLoggerEvents.SendMessage: Invoking callback 1/1 for Microsoft.VisualStudio.TestPlatform.CommandLine.Internal.ConsoleLogger., took 0 ms.
TpTrace Verbose: 0 : 17892, 11, 2024/11/25, 17:04:31.028, 8912153950726, vstest.console.dll, MulticastDelegateUtilities.SafeInvoke: TestRunMessageLoggerProxy.SendMessage: Invoking callback 1/1 for Microsoft.VisualStudio.TestPlatform.Common.Logging.InternalTestLoggerEvents., took 0 ms.
TpTrace Warning: 0 : 17892, 11, 2024/11/25, 17:04:31.028, 8912153952514, vstest.console.dll, TestHostManagerCallbacks.ErrorReceivedCallback Test host standard error line: 
TpTrace Verbose: 0 : 17892, 11, 2024/11/25, 17:04:31.031, 8912153978579, vstest.console.dll, TestHostProvider.ExitCallBack: Host exited starting callback.
TpTrace Error: 0 : 17892, 11, 2024/11/25, 17:04:31.031, 8912153980651, vstest.console.dll, TestHostManagerCallbacks.ExitCallBack: Testhost processId: 4928 exited with exitcode: -2147450740 error: 'Error:
  An assembly specified in the application dependencies manifest (Moongazing.OrionGuard.Tests.deps.json) was not found:
    package: 'xunit.abstractions', version: '2.0.3'
    path: 'lib/netstandard2.0/xunit.abstractions.dll'
'
TpTrace Verbose: 0 : 17892, 11, 2024/11/25, 17:04:31.031, 8912153981320, vstest.console.dll, DotnetTestHostManager.OnHostExited: invoking OnHostExited callback
TpTrace Verbose: 0 : 17892, 11, 2024/11/25, 17:04:31.031, 8912153983810, vstest.console.dll, CrossPlatEngine.TestHostManagerHostExited: calling on client process exit callback.
TpTrace Information: 0 : 17892, 11, 2024/11/25, 17:04:31.032, 8912153984797, vstest.console.dll, TestRequestSender.OnClientProcessExit: Test host process exited. Standard error: Error:
  An assembly specified in the application dependencies manifest (Moongazing.OrionGuard.Tests.deps.json) was not found:
    package: 'xunit.abstractions', version: '2.0.3'
    path: 'lib/netstandard2.0/xunit.abstractions.dll'

TpTrace Information: 0 : 17892, 11, 2024/11/25, 17:04:31.032, 8912153985600, vstest.console.dll, SocketServer.Stop: Stop server endPoint: 127.0.0.1:61741
TpTrace Verbose: 0 : 17892, 5, 2024/11/25, 17:04:31.032, 8912153985846, vstest.console.dll, TestRequestSender.WaitForRequestHandlerConnection: waiting took 21 ms, with timeout 90000 ms, and result 2, which is failure.
TpTrace Information: 0 : 17892, 11, 2024/11/25, 17:04:31.032, 8912153986729, vstest.console.dll, SocketServer.Stop: Cancellation requested. Stopping message loop.
TpTrace Verbose: 0 : 17892, 5, 2024/11/25, 17:04:31.032, 8912153986774, vstest.console.dll, Test host failed to start Test host launched:True test host exited: True
TpTrace Verbose: 0 : 17892, 11, 2024/11/25, 17:04:31.032, 8912153988287, vstest.console.dll, MulticastDelegateUtilities.SafeInvoke: HostProviderEvents.OnHostExited: Invoking callback 1/1 for Microsoft.VisualStudio.TestPlatform.CrossPlatEngine.Client.ProxyOperationManager., took 0 ms.
TpTrace Error: 0 : 17892, 5, 2024/11/25, 17:04:31.033, 8912154003147, vstest.console.dll, ProxyExecutionManager.StartTestRun: Failed to start test run: Microsoft.VisualStudio.TestPlatform.ObjectModel.TestPlatformException: Testhost process for source(s) 'C:\Users\Tunahan Ali Ozturk\Desktop\Moongazing.OrionGuard\Moongazing.OrionGuard\tests\Moongazing.OrionGuard.Tests\bin\Debug\net9.0\Moongazing.OrionGuard.Tests.dll' exited with error: Error:
  An assembly specified in the application dependencies manifest (Moongazing.OrionGuard.Tests.deps.json) was not found:
    package: 'xunit.abstractions', version: '2.0.3'
    path: 'lib/netstandard2.0/xunit.abstractions.dll'
. Please check the diagnostic logs for more information.
   at Microsoft.VisualStudio.TestPlatform.CrossPlatEngine.Client.ProxyOperationManager.ThrowOnTestHostExited(IEnumerable`1 sources, Boolean testHostExited) in /_/src/Microsoft.TestPlatform.CrossPlatEngine/Client/ProxyOperationManager.cs:line 524
   at Microsoft.VisualStudio.TestPlatform.CrossPlatEngine.Client.ProxyOperationManager.SetupChannel(IEnumerable`1 sources, String runSettings) in /_/src/Microsoft.TestPlatform.CrossPlatEngine/Client/ProxyOperationManager.cs:line 293
   at Microsoft.VisualStudio.TestPlatform.CrossPlatEngine.Client.ProxyExecutionManager.InitializeTestRun(TestRunCriteria testRunCriteria, IInternalTestRunEventsHandler eventHandler) in /_/src/Microsoft.TestPlatform.CrossPlatEngine/Client/ProxyExecutionManager.cs:line 184
TpTrace Verbose: 0 : 17892, 5, 2024/11/25, 17:04:31.082, 8912154489307, vstest.console.dll, TestRunRequest:SendTestRunMessage: Starting.
TpTrace Verbose: 0 : 17892, 5, 2024/11/25, 17:04:31.082, 8912154491371, vstest.console.dll, MulticastDelegateUtilities.SafeInvoke: TestRun.LogMessages: Invoking callback 1/1 for Microsoft.VisualStudio.TestPlatform.CommandLine.TestRunResultAggregator., took 0 ms.
TpTrace Information: 0 : 17892, 5, 2024/11/25, 17:04:31.082, 8912154491959, vstest.console.dll, TestRunRequest:SendTestRunMessage: Completed.
TpTrace Verbose: 0 : 17892, 4, 2024/11/25, 17:04:31.082, 8912154494315, vstest.console.dll, MulticastDelegateUtilities.SafeInvoke: InternalTestLoggerEvents.SendTestRunMessage: Invoking callback 1/1 for Microsoft.VisualStudio.TestPlatform.CommandLine.Internal.ConsoleLogger., took 0 ms.
TpTrace Verbose: 0 : 17892, 5, 2024/11/25, 17:04:31.098, 8912154648022, vstest.console.dll, TestRequestSender.EndSession: Sending end session.
TpTrace Verbose: 0 : 17892, 5, 2024/11/25, 17:04:31.098, 8912154649130, vstest.console.dll, ProxyOperationManager.Close: waiting for test host to exit for 100 ms
TpTrace Information: 0 : 17892, 5, 2024/11/25, 17:04:31.098, 8912154650029, vstest.console.dll, SocketServer.Stop: Stop server endPoint: 127.0.0.1:61741
TpTrace Information: 0 : 17892, 5, 2024/11/25, 17:04:31.098, 8912154650567, vstest.console.dll, SocketServer.Stop: Cancellation requested. Stopping message loop.
TpTrace Information: 0 : 17892, 5, 2024/11/25, 17:04:31.098, 8912154651254, vstest.console.dll, Closing the connection
TpTrace Verbose: 0 : 17892, 5, 2024/11/25, 17:04:31.098, 8912154653692, vstest.console.dll, ParallelRunEventsHandler.HandleTestRunComplete: Handling a run completion, this can be either one part of parallel run completing, or the whole parallel run completing.
TpTrace Verbose: 0 : 17892, 5, 2024/11/25, 17:04:31.099, 8912154656812, vstest.console.dll, ParallelProxyExecutionManager: HandlePartialRunComplete: Total workloads = 1, Total started clients = 1 Total completed clients = 1, Run complete = True, Run canceled: False.
TpTrace Verbose: 0 : 17892, 5, 2024/11/25, 17:04:31.099, 8912154657421, vstest.console.dll, ParallelProxyExecutionManager: HandlePartialRunComplete: All runs completed stopping all managers.
TpTrace Verbose: 0 : 17892, 5, 2024/11/25, 17:04:31.099, 8912154657961, vstest.console.dll, ParallelOperationManager.StopAllManagers: Stopping all managers.
TpTrace Verbose: 0 : 17892, 5, 2024/11/25, 17:04:31.099, 8912154658423, vstest.console.dll, ParallelOperationManager.ClearSlots: Clearing all slots. Slots should accept more work: False
TpTrace Verbose: 0 : 17892, 5, 2024/11/25, 17:04:31.099, 8912154659031, vstest.console.dll, ParallelOperationManager.SetOccupiedSlotCount: Setting slot counts AvailableSlotCount = 1, OccupiedSlotCount = 0.
TpTrace Verbose: 0 : 17892, 5, 2024/11/25, 17:04:31.099, 8912154659495, vstest.console.dll, Occupied slots:

TpTrace Verbose: 0 : 17892, 5, 2024/11/25, 17:04:31.099, 8912154659893, vstest.console.dll, ParallelRunEventsHandler.HandleTestRunComplete: Whole parallel run completed.
TpTrace Verbose: 0 : 17892, 4, 2024/11/25, 17:04:31.125, 8912154924164, vstest.console.dll, MulticastDelegateUtilities.SafeInvoke: InternalTestLoggerEvents.SendTestRunComplete: Invoking callback 1/1 for Microsoft.VisualStudio.TestPlatform.CommandLine.Internal.ConsoleLogger., took 3 ms.
TpTrace Verbose: 0 : 17892, 5, 2024/11/25, 17:04:31.126, 8912154928003, vstest.console.dll, TestRunRequest:TestRunComplete: Starting. IsAborted:True IsCanceled:False.
TpTrace Verbose: 0 : 17892, 5, 2024/11/25, 17:04:31.126, 8912154929766, vstest.console.dll, ParallelOperationManager.DoActionOnAllManagers: Calling an action on all managers.
TpTrace Verbose: 0 : 17892, 5, 2024/11/25, 17:04:31.127, 8912154939394, vstest.console.dll, TestLoggerManager.HandleTestRunComplete: Ignoring as the object is disposed.
TpTrace Verbose: 0 : 17892, 5, 2024/11/25, 17:04:31.127, 8912154942201, vstest.console.dll, MulticastDelegateUtilities.SafeInvoke: TestRun.TestRunComplete: Invoking callback 1/2 for Microsoft.VisualStudio.TestPlatform.CommandLine.TestRunResultAggregator., took 0 ms.
TpTrace Verbose: 0 : 17892, 5, 2024/11/25, 17:04:31.127, 8912154943641, vstest.console.dll, MulticastDelegateUtilities.SafeInvoke: TestRun.TestRunComplete: Invoking callback 2/2 for Microsoft.VisualStudio.TestPlatform.CommandLine.Processors.RunTestsArgumentExecutor+TestRunRequestEventsRegistrar., took 0 ms.
TpTrace Information: 0 : 17892, 5, 2024/11/25, 17:04:31.128, 8912154944959, vstest.console.dll, TestRunRequest:TestRunComplete: Completed.
TpTrace Verbose: 0 : 17892, 1, 2024/11/25, 17:04:31.128, 8912154945037, vstest.console.dll, TestRunRequest.Dispose: Starting.
TpTrace Verbose: 0 : 17892, 5, 2024/11/25, 17:04:31.128, 8912154945627, vstest.console.dll, ParallelProxyExecutionManager.StartTestRunOnConcurrentManager: Execution starting. Started clients: 1
TpTrace Information: 0 : 17892, 1, 2024/11/25, 17:04:31.128, 8912154946191, vstest.console.dll, TestRunRequest.Dispose: Completed.
TpTrace Information: 0 : 17892, 1, 2024/11/25, 17:04:31.128, 8912154947310, vstest.console.dll, TestRequestManager.RunTests: run tests completed.
TpTrace Verbose: 0 : 17892, 5, 2024/11/25, 17:04:31.128, 8912154947595, vstest.console.dll, ProxyExecutionManager: Test host is always Lazy initialize.
TpTrace Information: 0 : 17892, 1, 2024/11/25, 17:04:31.128, 8912154948186, vstest.console.dll, RunTestsArgumentProcessor:Execute: Test run is completed.
TpTrace Verbose: 0 : 17892, 5, 2024/11/25, 17:04:31.128, 8912154948587, vstest.console.dll, TestRequestSender.InitializeCommunication: initialize communication. 
TpTrace Verbose: 0 : 17892, 1, 2024/11/25, 17:04:31.128, 8912154949639, vstest.console.dll, Executor.Execute: Exiting with exit code of 1
TpTrace Information: 0 : 17892, 5, 2024/11/25, 17:04:31.128, 8912154952681, vstest.console.dll, SocketServer.Start: Listening on endpoint : 127.0.0.1:61748
